netcdf florida-etop1 {
dimensions:
	x = 31 ;
	y = 61 ;
variables:
	double x(x) ;
		x:long_name = "Longitude" ;
		x:actual_range = -180., 180. ;
		x:units = "degrees" ;
	double y(y) ;
		y:long_name = "Latitude" ;
		y:actual_range = -90., 90. ;
		y:units = "degrees" ;
	int z(y, x) ;
		z:long_name = "z" ;
		z:_FillValue = -2147483648 ;
		z:actual_range = -10898., 8271. ;

// global attributes:
		:Conventions = "COARDS/CF-1.0" ;
		:title = "ETOPO1_Ice_g_gmt4.grd" ;
		:history = "Mon Apr  9 12:01:30 2012: ncks -O -a -d y,26.0,27.00001 -d x,-80.25,-79.75 ETOPO1_Ice_g_gmt4.grd florida-etop1.nc\n",
			"grdreformat ETOPO1_Ice_g_gdal.grd ETOPO1_Ice_g_gmt4.grd=ni" ;
		:GMT_version = "4.4.0" ;
		:node_offset = 0 ;
		:NCO = "20120409" ;
data:

 x = -80.25, -80.2333333333333, -80.2166666666667, -80.2, -80.1833333333333, 
    -80.1666666666667, -80.15, -80.1333333333333, -80.1166666666667, -80.1, 
    -80.0833333333333, -80.0666666666667, -80.05, -80.0333333333333, 
    -80.0166666666667, -80, -79.9833333333333, -79.9666666666667, -79.95, 
    -79.9333333333333, -79.9166666666667, -79.9, -79.8833333333333, 
    -79.8666666666667, -79.85, -79.8333333333333, -79.8166666666667, -79.8, 
    -79.7833333333333, -79.7666666666667, -79.75 ;

 y = 26, 26.0166666666667, 26.0333333333334, 26.05, 26.0666666666667, 
    26.0833333333334, 26.1, 26.1166666666667, 26.1333333333334, 26.15, 
    26.1666666666667, 26.1833333333334, 26.2, 26.2166666666667, 
    26.2333333333334, 26.25, 26.2666666666667, 26.2833333333334, 26.3, 
    26.3166666666667, 26.3333333333334, 26.35, 26.3666666666667, 
    26.3833333333334, 26.4, 26.4166666666667, 26.4333333333334, 26.45, 
    26.4666666666667, 26.4833333333334, 26.5, 26.5166666666667, 
    26.5333333333334, 26.55, 26.5666666666667, 26.5833333333334, 26.6, 
    26.6166666666667, 26.6333333333334, 26.65, 26.6666666666667, 
    26.6833333333334, 26.7, 26.7166666666667, 26.7333333333334, 26.75, 
    26.7666666666667, 26.7833333333334, 26.8, 26.8166666666667, 
    26.8333333333334, 26.85, 26.8666666666667, 26.8833333333334, 26.9, 
    26.9166666666667, 26.9333333333334, 26.95, 26.9666666666667, 
    26.9833333333334, 27 ;

 z =
  8, 8, 9, 9, 10, 9, 10, 8, -3, -17, -47, -142, -218, -245, -255, -262, -254, 
    -258, -267, -274, -267, -272, -311, -322, -338, -375, -465, -518, -564, 
    -640, -706,
  8, 9, 9, 10, 10, 9, 10, 8, -3, -16, -45, -139, -211, -242, -253, -263, 
    -264, -262, -263, -264, -262, -267, -292, -319, -338, -346, -447, -529, 
    -582, -640, -693,
  7, 8, 9, 9, 10, 9, 9, 8, -2, -15, -44, -134, -204, -236, -249, -257, -259, 
    -265, -272, -265, -264, -265, -277, -325, -329, -338, -439, -548, -569, 
    -621, -684,
  8, 8, 8, 9, 9, 7, 8, 8, 0, -12, -39, -130, -197, -230, -246, -252, -253, 
    -258, -268, -272, -267, -265, -296, -314, -327, -339, -431, -529, -566, 
    -608, -680,
  8, 8, 7, 7, 8, 8, 7, 9, 4, -10, -36, -127, -194, -223, -242, -249, -241, 
    -245, -262, -280, -264, -266, -284, -293, -326, -335, -426, -519, -571, 
    -601, -659,
  7, 7, 6, 8, 7, 7, 8, 8, 2, -6, -34, -124, -187, -214, -236, -243, -238, 
    -246, -275, -271, -263, -272, -287, -291, -331, -341, -421, -508, -553, 
    -598, -647,
  6, 8, 9, 10, 9, 9, 8, 9, 0, -6, -28, -115, -181, -209, -233, -241, -238, 
    -246, -271, -273, -265, -282, -295, -301, -339, -351, -463, -493, -540, 
    -584, -629,
  6, 7, 9, 9, 9, 8, 6, -1, 0, -4, -23, -103, -174, -205, -229, -237, -238, 
    -253, -274, -282, -280, -274, -281, -300, -314, -358, -466, -486, -533, 
    -577, -612,
  7, 7, 7, 8, 8, 8, 8, 9, 8, -4, -22, -86, -168, -200, -224, -237, -241, 
    -259, -282, -291, -294, -283, -276, -299, -310, -370, -475, -491, -528, 
    -571, -597,
  6, 6, 6, 8, 8, 8, 8, 7, 7, -2, -20, -73, -160, -195, -218, -232, -242, 
    -258, -278, -293, -299, -292, -289, -296, -305, -377, -478, -494, -530, 
    -558, -584,
  7, 7, 6, 6, 7, 7, 7, 7, 7, -2, -16, -60, -150, -188, -212, -227, -239, 
    -255, -269, -286, -294, -289, -283, -300, -306, -382, -469, -490, -512, 
    -543, -575,
  7, 7, 6, 5, 5, 6, 7, 6, 7, 1, -14, -50, -144, -183, -206, -223, -236, -252, 
    -266, -282, -291, -294, -297, -297, -305, -387, -469, -483, -508, -538, 
    -568,
  7, 7, 7, 6, 6, 7, 8, 7, 8, 3, -13, -47, -136, -178, -201, -218, -234, -250, 
    -264, -280, -287, -292, -293, -292, -331, -384, -466, -479, -505, -532, 
    -562,
  7, 7, 6, 7, 8, 8, 8, 8, 7, 7, -9, -38, -129, -172, -197, -216, -233, -248, 
    -263, -274, -282, -287, -291, -294, -323, -400, -464, -473, -499, -526, 
    -555,
  7, 7, 7, 7, 8, 8, 7, 8, 9, 7, -6, -32, -121, -167, -193, -213, -231, -246, 
    -261, -266, -277, -287, -289, -296, -325, -413, -468, -474, -491, -519, 
    -549,
  8, 8, 7, 8, 9, 8, 7, 8, 9, 6, -3, -28, -107, -160, -188, -210, -229, -244, 
    -257, -255, -266, -282, -284, -299, -329, -412, -460, -470, -487, -517, 
    -546,
  8, 8, 8, 8, 10, 8, 8, 8, 9, 7, -1, -23, -94, -154, -183, -207, -227, -245, 
    -249, -247, -257, -280, -283, -298, -346, -399, -452, -467, -488, -513, 
    -541,
  8, 8, 9, 8, 9, 14, 9, 8, 9, 7, 0, -19, -83, -147, -180, -203, -225, -244, 
    -244, -242, -254, -269, -283, -304, -357, -409, -455, -467, -484, -504, 
    -538,
  8, 10, 10, 9, 8, 8, 7, 8, 9, 7, 2, -16, -72, -141, -176, -201, -224, -241, 
    -240, -237, -247, -259, -286, -311, -358, -405, -448, -459, -478, -502, 
    -535,
  7, 9, 10, 10, 10, 9, 9, 9, 8, 7, 4, -13, -61, -132, -171, -199, -222, -239, 
    -238, -239, -250, -260, -284, -310, -357, -384, -443, -452, -476, -499, 
    -531,
  6, 8, 8, 9, 9, 9, 9, 9, 8, 6, 7, -10, -52, -127, -166, -195, -218, -236, 
    -241, -244, -250, -264, -284, -313, -368, -404, -444, -459, -481, -497, 
    -525,
  7, 9, 9, 10, 11, 9, 9, 9, 8, 8, 8, -7, -43, -120, -161, -192, -213, -231, 
    -242, -247, -255, -280, -316, -338, -372, -401, -440, -462, -481, -494, 
    -519,
  7, 8, 9, 9, 10, 10, 10, 10, 8, 7, 7, -4, -37, -114, -155, -187, -209, -227, 
    -243, -252, -267, -298, -320, -343, -370, -393, -431, -455, -478, -493, 
    -515,
  6, 8, 9, 9, 9, 10, 10, 10, 8, 7, 8, -3, -33, -107, -151, -184, -205, -223, 
    -241, -254, -272, -295, -318, -342, -367, -389, -420, -453, -475, -501, 
    -516,
  7, 10, 9, 10, 10, 10, 10, 10, 9, 9, 9, -4, -30, -102, -148, -180, -201, 
    -217, -235, -253, -277, -297, -317, -339, -362, -387, -418, -446, -472, 
    -504, -519,
  6, 10, 8, 9, 9, 10, 10, 10, 9, 8, 8, -1, -26, -96, -145, -176, -197, -213, 
    -228, -248, -274, -295, -316, -337, -361, -385, -415, -443, -470, -494, 
    -516,
  6, 7, 9, 11, 8, 9, 10, 10, 10, 9, 9, 2, -20, -90, -142, -172, -192, -210, 
    -225, -246, -271, -291, -315, -336, -357, -382, -413, -440, -467, -494, 
    -505,
  7, 7, 9, 8, 9, 10, 10, 10, 11, 10, 10, 4, -17, -79, -139, -168, -189, -207, 
    -225, -245, -269, -290, -313, -335, -356, -380, -408, -436, -464, -488, 
    -503,
  7, 7, 7, 8, 9, 10, 10, 11, 11, 10, 10, 9, -12, -64, -136, -165, -187, -205, 
    -226, -248, -272, -291, -312, -333, -354, -377, -403, -430, -458, -481, 
    -502,
  6, 7, 8, 8, 8, 9, 10, 11, 11, 10, 7, 9, -8, -47, -130, -162, -185, -205, 
    -226, -249, -270, -291, -310, -330, -350, -373, -399, -426, -453, -476, 
    -498,
  7, 7, 9, 9, 9, 10, 11, 11, 11, 9, 8, 9, -4, -35, -120, -159, -182, -204, 
    -226, -247, -267, -288, -307, -326, -346, -369, -396, -422, -448, -470, 
    -494,
  7, 7, 11, 9, 9, 10, 10, 11, 11, 9, 8, 10, -3, -24, -103, -154, -180, -202, 
    -225, -246, -265, -284, -304, -322, -343, -367, -391, -417, -443, -464, 
    -490,
  8, 9, 12, 10, 9, 10, 10, 11, 10, 9, 9, 10, 0, -20, -88, -149, -177, -202, 
    -224, -244, -262, -280, -300, -319, -341, -362, -387, -413, -439, -462, 
    -486,
  8, 11, 10, 9, 8, 10, 10, 11, 10, 9, 9, 10, 0, -16, -76, -144, -174, -199, 
    -222, -241, -258, -277, -296, -315, -338, -362, -384, -409, -434, -458, 
    -485,
  8, 13, 10, 9, 9, 10, 10, 11, 10, 9, 10, 11, 1, -10, -62, -137, -170, -196, 
    -218, -238, -254, -272, -292, -313, -337, -359, -381, -406, -430, -456, 
    -483,
  9, 12, 13, 10, 10, 10, 10, 10, 10, 9, 9, 11, 0, -10, -53, -133, -165, -191, 
    -214, -234, -252, -270, -290, -311, -335, -357, -379, -404, -429, -455, 
    -482,
  9, 11, 11, 11, 11, 11, 11, 11, 11, 10, 9, 11, 0, -9, -49, -127, -162, -187, 
    -211, -230, -250, -268, -288, -308, -332, -354, -376, -400, -425, -452, 
    -479,
  9, 9, 9, 11, 11, 11, 12, 11, 12, 11, 10, 11, 1, -8, -43, -122, -159, -184, 
    -207, -227, -247, -265, -286, -306, -330, -352, -374, -398, -423, -451, 
    -478,
  9, 9, 8, 10, 11, 13, 12, 11, 12, 11, 10, 11, 0, -7, -40, -116, -156, -180, 
    -203, -225, -244, -264, -284, -304, -327, -350, -372, -396, -421, -448, 
    -478,
  10, 10, 10, 10, 11, 13, 11, 12, 12, 11, 10, 11, 1, -6, -34, -112, -153, 
    -177, -199, -220, -239, -260, -281, -303, -325, -347, -369, -394, -420, 
    -447, -474,
  11, 12, 10, 12, 14, 12, 13, 13, 12, 11, 10, 11, 0, -5, -30, -109, -150, 
    -174, -196, -216, -237, -258, -279, -300, -323, -347, -369, -393, -419, 
    -445, -470,
  13, 13, 12, 12, 12, 13, 13, 12, 12, 9, 9, 10, 0, -3, -29, -104, -148, -171, 
    -192, -214, -234, -256, -279, -301, -323, -346, -369, -393, -419, -443, 
    -466,
  13, 12, 12, 13, 14, 13, 12, 11, 12, 10, 9, 10, 1, -5, -26, -101, -145, 
    -169, -189, -210, -232, -256, -278, -302, -325, -347, -368, -391, -417, 
    -441, -463,
  13, 11, 11, 12, 10, 12, 12, 11, 11, 10, 9, 8, 0, -3, -21, -86, -141, -166, 
    -187, -208, -229, -252, -275, -298, -319, -343, -366, -388, -413, -438, 
    -461,
  12, 12, 11, 10, 10, 10, 12, 13, 11, 9, 9, 8, 0, -2, -18, -59, -136, -162, 
    -185, -204, -226, -249, -272, -297, -318, -342, -365, -387, -411, -434, 
    -456,
  14, 13, 12, 10, 10, 9, 9, 11, 12, 9, 7, 10, 0, -3, -16, -43, -126, -161, 
    -182, -202, -223, -247, -271, -294, -315, -340, -363, -385, -407, -430, 
    -453,
  12, 12, 12, 10, 9, 9, 9, 13, 11, 9, 8, 9, 0, -2, -15, -38, -111, -157, 
    -181, -200, -220, -244, -269, -292, -315, -339, -361, -383, -405, -428, 
    -452,
  12, 12, 11, 9, 9, 9, 9, 12, 11, 8, 9, 9, 0, -2, -15, -36, -101, -151, -174, 
    -193, -216, -241, -268, -293, -317, -341, -360, -386, -407, -429, -460,
  12, 11, 11, 10, 10, 10, 9, 10, 10, 9, 8, 8, 0, -1, -17, -36, -98, -141, 
    -168, -191, -215, -242, -270, -292, -313, -335, -359, -379, -404, -426, 
    -450,
  11, 10, 10, 10, 9, 10, 9, 10, 9, 8, 7, 6, 0, -3, -18, -33, -92, -137, -164, 
    -186, -210, -235, -262, -288, -312, -336, -358, -378, -401, -428, -463,
  9, 9, 10, 9, 10, 10, 10, 10, 9, 8, 7, 7, 0, -6, -20, -30, -80, -134, -163, 
    -185, -207, -233, -261, -285, -310, -334, -356, -378, -402, -422, -444,
  9, 9, 8, 9, 8, 9, 10, 10, 10, 9, 8, 7, 2, -12, -22, -28, -63, -130, -159, 
    -181, -203, -230, -256, -282, -308, -335, -365, -383, -411, -430, -443,
  9, 9, 8, 9, 8, 9, 9, 10, 10, 9, 8, 7, -2, -18, -23, -28, -54, -120, -153, 
    -182, -204, -231, -261, -284, -308, -335, -352, -375, -402, -417, -440,
  12, 11, 10, 9, 9, 10, 9, 9, 9, 7, 8, 6, -4, -21, -22, -27, -53, -115, -151, 
    -178, -202, -223, -250, -282, -305, -330, -351, -375, -394, -417, -442,
  11, 11, 10, 10, 10, 10, 9, 9, 7, 7, 6, 6, -10, -23, -22, -28, -57, -112, 
    -147, -176, -198, -220, -249, -284, -306, -332, -350, -380, -403, -421, 
    -456,
  10, 11, 11, 10, 11, 10, 9, 7, 7, 7, 5, -1, -14, -22, -21, -28, -62, -112, 
    -142, -167, -192, -217, -246, -274, -302, -325, -348, -370, -391, -415, 
    -447,
  10, 11, 11, 11, 11, 9, 8, 7, 6, 4, 0, -3, -16, -22, -22, -29, -63, -108, 
    -139, -165, -188, -217, -245, -271, -300, -324, -345, -372, -391, -415, 
    -441,
  10, 11, 10, 12, 9, 9, 7, 6, 0, -1, -1, -6, -19, -22, -23, -33, -72, -108, 
    -138, -165, -188, -214, -242, -272, -302, -326, -348, -369, -393, -417, 
    -442,
  9, 10, 11, 10, 8, 8, 7, 0, -1, 6, -1, -9, -18, -20, -23, -37, -73, -106, 
    -133, -159, -184, -208, -239, -270, -298, -322, -346, -368, -389, -414, 
    -440,
  9, 9, 8, 9, 7, 8, 0, 0, 2, 8, -4, -13, -17, -19, -22, -40, -72, -106, -130, 
    -154, -181, -207, -238, -270, -296, -322, -346, -367, -390, -413, -441,
  9, 8, 8, 8, 7, 6, 5, 6, 7, 8, -6, -15, -16, -16, -22, -40, -72, -105, -129, 
    -152, -180, -206, -237, -267, -296, -322, -346, -369, -391, -413, -437 ;
}
